mode: set
dashboardq-be/features/class/services/service.go:16.92,18.17 2 1
dashboardq-be/features/class/services/service.go:23.2,24.16 2 1
dashboardq-be/features/class/services/service.go:35.2,35.17 1 1
dashboardq-be/features/class/services/service.go:18.17,21.3 2 0
dashboardq-be/features/class/services/service.go:24.16,26.49 2 1
dashboardq-be/features/class/services/service.go:31.3,32.39 2 1
dashboardq-be/features/class/services/service.go:26.49,28.4 1 0
dashboardq-be/features/class/services/service.go:28.9,30.4 1 1
dashboardq-be/features/class/services/service.go:39.71,42.16 3 1
dashboardq-be/features/class/services/service.go:46.2,46.12 1 1
dashboardq-be/features/class/services/service.go:42.16,45.3 2 1
dashboardq-be/features/class/services/service.go:50.64,52.16 2 1
dashboardq-be/features/class/services/service.go:61.2,61.17 1 1
dashboardq-be/features/class/services/service.go:52.16,54.49 2 1
dashboardq-be/features/class/services/service.go:59.3,59.39 1 1
dashboardq-be/features/class/services/service.go:54.49,56.4 1 0
dashboardq-be/features/class/services/service.go:56.9,58.4 1 1
dashboardq-be/features/class/services/service.go:65.57,67.16 2 1
dashboardq-be/features/class/services/service.go:76.2,76.17 1 1
dashboardq-be/features/class/services/service.go:67.16,69.49 2 1
dashboardq-be/features/class/services/service.go:74.3,74.41 1 1
dashboardq-be/features/class/services/service.go:69.49,71.4 1 1
dashboardq-be/features/class/services/service.go:71.9,73.4 1 0
dashboardq-be/features/class/services/service.go:80.107,82.17 2 1
dashboardq-be/features/class/services/service.go:87.2,88.16 2 1
dashboardq-be/features/class/services/service.go:99.2,99.17 1 1
dashboardq-be/features/class/services/service.go:82.17,85.3 2 0
dashboardq-be/features/class/services/service.go:88.16,90.49 2 1
dashboardq-be/features/class/services/service.go:95.3,96.39 2 1
dashboardq-be/features/class/services/service.go:90.49,92.4 1 1
dashboardq-be/features/class/services/service.go:92.9,94.4 1 1
dashboardq-be/features/class/services/service.go:102.49,106.2 1 1
dashboardq-be/features/users/services/service.go:19.47,23.2 1 1
dashboardq-be/features/users/services/service.go:26.71,29.16 3 1
dashboardq-be/features/users/services/service.go:33.2,33.12 1 1
dashboardq-be/features/users/services/service.go:29.16,32.3 2 1
dashboardq-be/features/users/services/service.go:37.89,40.16 2 1
dashboardq-be/features/users/services/service.go:51.2,51.94 1 1
dashboardq-be/features/users/services/service.go:56.2,63.27 6 1
dashboardq-be/features/users/services/service.go:40.16,42.49 2 1
dashboardq-be/features/users/services/service.go:47.3,48.46 2 1
dashboardq-be/features/users/services/service.go:42.49,44.4 1 1
dashboardq-be/features/users/services/service.go:44.9,46.4 1 1
dashboardq-be/features/users/services/service.go:51.94,54.3 2 1
dashboardq-be/features/users/services/service.go:67.84,70.17 3 1
dashboardq-be/features/users/services/service.go:76.2,76.16 1 1
dashboardq-be/features/users/services/service.go:83.2,83.17 1 1
dashboardq-be/features/users/services/service.go:70.17,72.3 1 1
dashboardq-be/features/users/services/service.go:72.8,75.3 2 0
dashboardq-be/features/users/services/service.go:76.16,77.53 1 1
dashboardq-be/features/users/services/service.go:80.3,81.70 2 1
dashboardq-be/features/users/services/service.go:77.53,79.4 1 1
dashboardq-be/features/users/services/service.go:87.92,94.16 5 1
dashboardq-be/features/users/services/service.go:106.2,106.17 1 1
dashboardq-be/features/users/services/service.go:94.16,96.50 2 1
dashboardq-be/features/users/services/service.go:103.3,103.39 1 1
dashboardq-be/features/users/services/service.go:96.50,98.4 1 1
dashboardq-be/features/users/services/service.go:98.9,98.60 1 1
dashboardq-be/features/users/services/service.go:98.60,100.4 1 1
dashboardq-be/features/users/services/service.go:100.9,102.4 1 1
dashboardq-be/features/users/services/service.go:110.56,112.16 2 1
dashboardq-be/features/users/services/service.go:116.2,116.17 1 1
dashboardq-be/features/users/services/service.go:112.16,115.3 2 1
dashboardq-be/features/users/services/service.go:120.92,122.17 2 1
dashboardq-be/features/users/services/service.go:126.2,131.16 4 1
dashboardq-be/features/users/services/service.go:142.2,142.17 1 1
dashboardq-be/features/users/services/service.go:122.17,124.3 1 0
dashboardq-be/features/users/services/service.go:131.16,133.56 2 1
dashboardq-be/features/users/services/service.go:133.56,135.4 1 1
dashboardq-be/features/users/services/service.go:135.9,135.66 1 1
dashboardq-be/features/users/services/service.go:135.66,137.4 1 0
dashboardq-be/features/users/services/service.go:137.9,139.4 1 1
dashboardq-be/features/users/services/service.go:146.108,153.16 5 1
dashboardq-be/features/users/services/service.go:166.2,166.17 1 1
dashboardq-be/features/users/services/service.go:153.16,155.46 2 1
dashboardq-be/features/users/services/service.go:164.3,164.39 1 1
dashboardq-be/features/users/services/service.go:155.46,157.4 1 1
dashboardq-be/features/users/services/service.go:157.9,157.56 1 1
dashboardq-be/features/users/services/service.go:157.56,159.4 1 1
dashboardq-be/features/users/services/service.go:159.9,159.52 1 1
dashboardq-be/features/users/services/service.go:159.52,161.4 1 1
dashboardq-be/features/users/services/service.go:161.9,163.4 1 1
